2018-05-11 10:57:13,556 [ModalContext] INFO  o.e.m.c.i.e.AbstractTransferListenerAdapter - Downloading https://repo.maven.apache.org/maven2/org/apache/maven/archetypes/maven-archetype-quickstart/1.1/maven-archetype-quickstart-1.1.jar
2018-05-11 10:57:13,753 [ModalContext] INFO  o.e.m.c.i.e.AbstractTransferListenerAdapter - Downloaded https://repo.maven.apache.org/maven2/org/apache/maven/archetypes/maven-archetype-quickstart/1.1/maven-archetype-quickstart-1.1.jar
2018-05-11 10:57:13,921 [ModalContext] INFO  o.e.m.c.i.e.AbstractTransferListenerAdapter - Downloading https://repo.maven.apache.org/maven2/org/apache/maven/archetypes/maven-archetype-quickstart/1.1/maven-archetype-quickstart-1.1.pom
2018-05-11 10:57:14,084 [ModalContext] INFO  o.e.m.c.i.e.AbstractTransferListenerAdapter - Downloaded https://repo.maven.apache.org/maven2/org/apache/maven/archetypes/maven-archetype-quickstart/1.1/maven-archetype-quickstart-1.1.pom
2018-05-11 10:57:32,328 [Worker-24] INFO  o.e.m.c.i.p.ProjectConfigurationManager - Collecting project info '/pom.xml' F:\AdvanceJavaEclipse\AdvanceJavaPrograms\SampleApp\pom.xml
2018-05-11 10:57:36,044 [Worker-24] INFO  o.e.m.c.i.l.LifecycleMappingFactory - Using org.eclipse.m2e.jdt.JarLifecycleMapping lifecycle mapping for MavenProject: com.niit:SampleApp:0.0.1-SNAPSHOT @ F:\AdvanceJavaEclipse\AdvanceJavaPrograms\SampleApp\pom.xml.
2018-05-11 10:57:37,986 [Worker-24] INFO  o.e.m.j.i.AbstractJavaProjectConfigurator - Adding source folder /SampleApp/src/main/java
2018-05-11 10:57:37,990 [Worker-24] INFO  o.e.m.j.i.AbstractJavaProjectConfigurator - Adding source folder /SampleApp/src/test/java
2018-05-11 10:57:38,134 [Worker-24] INFO  o.e.m.c.i.p.ProjectConfigurationManager - Imported and configured 1 project(s) in 5 sec
2018-05-11 10:57:38,736 [Worker-25] INFO  o.e.m.c.i.embedder.EclipseLogger - Using 'UTF-8' encoding to copy filtered resources.
2018-05-11 10:57:38,736 [Worker-25] INFO  o.e.m.c.i.embedder.EclipseLogger - skip non existing resourceDirectory F:\AdvanceJavaEclipse\AdvanceJavaPrograms\SampleApp\src\main\resources
2018-05-11 10:57:38,748 [Worker-25] INFO  o.e.m.c.i.embedder.EclipseLogger - Using 'UTF-8' encoding to copy filtered resources.
2018-05-11 10:57:38,749 [Worker-25] INFO  o.e.m.c.i.embedder.EclipseLogger - skip non existing resourceDirectory F:\AdvanceJavaEclipse\AdvanceJavaPrograms\SampleApp\src\test\resources
2018-05-11 10:58:15,880 [Worker-26] INFO  o.e.m.c.i.embedder.EclipseLogger - Using 'UTF-8' encoding to copy filtered resources.
2018-05-11 10:58:15,880 [Worker-26] INFO  o.e.m.c.i.embedder.EclipseLogger - skip non existing resourceDirectory F:\AdvanceJavaEclipse\AdvanceJavaPrograms\SampleApp\src\main\resources
2018-05-11 10:58:15,882 [Worker-26] INFO  o.e.m.c.i.embedder.EclipseLogger - Using 'UTF-8' encoding to copy filtered resources.
2018-05-11 10:58:15,882 [Worker-26] INFO  o.e.m.c.i.embedder.EclipseLogger - skip non existing resourceDirectory F:\AdvanceJavaEclipse\AdvanceJavaPrograms\SampleApp\src\test\resources
2018-05-11 10:58:40,914 [Worker-26] INFO  o.e.m.c.i.embedder.EclipseLogger - Using 'UTF-8' encoding to copy filtered resources.
2018-05-11 10:58:40,914 [Worker-26] INFO  o.e.m.c.i.embedder.EclipseLogger - skip non existing resourceDirectory F:\AdvanceJavaEclipse\AdvanceJavaPrograms\SampleApp\src\main\resources
2018-05-11 10:58:40,916 [Worker-26] INFO  o.e.m.c.i.embedder.EclipseLogger - Using 'UTF-8' encoding to copy filtered resources.
2018-05-11 10:58:40,916 [Worker-26] INFO  o.e.m.c.i.embedder.EclipseLogger - skip non existing resourceDirectory F:\AdvanceJavaEclipse\AdvanceJavaPrograms\SampleApp\src\test\resources
2018-05-11 10:59:20,872 [Worker-24] INFO  o.e.m.c.i.embedder.EclipseLogger - Using 'UTF-8' encoding to copy filtered resources.
2018-05-11 10:59:20,872 [Worker-24] INFO  o.e.m.c.i.embedder.EclipseLogger - skip non existing resourceDirectory F:\AdvanceJavaEclipse\AdvanceJavaPrograms\SampleApp\src\main\resources
2018-05-11 10:59:20,874 [Worker-24] INFO  o.e.m.c.i.embedder.EclipseLogger - Using 'UTF-8' encoding to copy filtered resources.
2018-05-11 10:59:20,874 [Worker-24] INFO  o.e.m.c.i.embedder.EclipseLogger - skip non existing resourceDirectory F:\AdvanceJavaEclipse\AdvanceJavaPrograms\SampleApp\src\test\resources
2018-05-11 11:00:22,559 [Worker-27] INFO  o.e.m.c.i.l.LifecycleMappingFactory - Using org.eclipse.m2e.jdt.JarLifecycleMapping lifecycle mapping for MavenProject: com.niit:SampleApp:0.0.1-SNAPSHOT @ F:\AdvanceJavaEclipse\AdvanceJavaPrograms\SampleApp\pom.xml.
2018-05-11 11:00:23,192 [Worker-27] INFO  o.e.m.c.i.embedder.EclipseLogger - Using 'UTF-8' encoding to copy filtered resources.
2018-05-11 11:00:23,192 [Worker-27] INFO  o.e.m.c.i.embedder.EclipseLogger - skip non existing resourceDirectory F:\AdvanceJavaEclipse\AdvanceJavaPrograms\SampleApp\src\main\resources
2018-05-11 11:00:23,194 [Worker-27] INFO  o.e.m.c.i.embedder.EclipseLogger - Using 'UTF-8' encoding to copy filtered resources.
2018-05-11 11:00:23,195 [Worker-27] INFO  o.e.m.c.i.embedder.EclipseLogger - skip non existing resourceDirectory F:\AdvanceJavaEclipse\AdvanceJavaPrograms\SampleApp\src\test\resources
2018-05-11 11:00:24,679 [Worker-28] INFO  o.e.m.c.i.embedder.EclipseLogger - Using 'UTF-8' encoding to copy filtered resources.
2018-05-11 11:00:24,679 [Worker-28] INFO  o.e.m.c.i.embedder.EclipseLogger - skip non existing resourceDirectory F:\AdvanceJavaEclipse\AdvanceJavaPrograms\SampleApp\src\main\resources
2018-05-11 11:00:24,681 [Worker-28] INFO  o.e.m.c.i.embedder.EclipseLogger - Using 'UTF-8' encoding to copy filtered resources.
2018-05-11 11:00:24,681 [Worker-28] INFO  o.e.m.c.i.embedder.EclipseLogger - skip non existing resourceDirectory F:\AdvanceJavaEclipse\AdvanceJavaPrograms\SampleApp\src\test\resources
2018-05-11 11:01:04,307 [Worker-25] INFO  o.e.m.c.i.embedder.EclipseLogger - Using 'UTF-8' encoding to copy filtered resources.
2018-05-11 11:01:04,308 [Worker-25] INFO  o.e.m.c.i.embedder.EclipseLogger - skip non existing resourceDirectory F:\AdvanceJavaEclipse\AdvanceJavaPrograms\SampleApp\src\main\resources
2018-05-11 11:01:04,310 [Worker-25] INFO  o.e.m.c.i.embedder.EclipseLogger - Using 'UTF-8' encoding to copy filtered resources.
2018-05-11 11:01:04,312 [Worker-25] INFO  o.e.m.c.i.embedder.EclipseLogger - skip non existing resourceDirectory F:\AdvanceJavaEclipse\AdvanceJavaPrograms\SampleApp\src\test\resources
2018-05-11 11:01:46,677 [Worker-28] INFO  o.e.m.c.i.embedder.EclipseLogger - Using 'UTF-8' encoding to copy filtered resources.
2018-05-11 11:01:46,684 [Worker-28] INFO  o.e.m.c.i.embedder.EclipseLogger - skip non existing resourceDirectory F:\AdvanceJavaEclipse\AdvanceJavaPrograms\SampleApp\src\main\resources
2018-05-11 11:01:46,686 [Worker-28] INFO  o.e.m.c.i.embedder.EclipseLogger - Using 'UTF-8' encoding to copy filtered resources.
2018-05-11 11:01:46,687 [Worker-28] INFO  o.e.m.c.i.embedder.EclipseLogger - skip non existing resourceDirectory F:\AdvanceJavaEclipse\AdvanceJavaPrograms\SampleApp\src\test\resources
2018-05-11 11:01:50,364 [Worker-30] INFO  o.e.m.c.i.embedder.EclipseLogger - Using 'UTF-8' encoding to copy filtered resources.
2018-05-11 11:01:50,365 [Worker-30] INFO  o.e.m.c.i.embedder.EclipseLogger - skip non existing resourceDirectory F:\AdvanceJavaEclipse\AdvanceJavaPrograms\SampleApp\src\main\resources
2018-05-11 11:01:50,367 [Worker-30] INFO  o.e.m.c.i.embedder.EclipseLogger - Using 'UTF-8' encoding to copy filtered resources.
2018-05-11 11:01:50,367 [Worker-30] INFO  o.e.m.c.i.embedder.EclipseLogger - skip non existing resourceDirectory F:\AdvanceJavaEclipse\AdvanceJavaPrograms\SampleApp\src\test\resources
2018-05-11 11:02:10,616 [Worker-28] INFO  o.e.m.c.i.embedder.EclipseLogger - Using 'UTF-8' encoding to copy filtered resources.
2018-05-11 11:02:10,616 [Worker-28] INFO  o.e.m.c.i.embedder.EclipseLogger - skip non existing resourceDirectory F:\AdvanceJavaEclipse\AdvanceJavaPrograms\SampleApp\src\main\resources
2018-05-11 11:02:10,617 [Worker-28] INFO  o.e.m.c.i.embedder.EclipseLogger - Using 'UTF-8' encoding to copy filtered resources.
2018-05-11 11:02:10,618 [Worker-28] INFO  o.e.m.c.i.embedder.EclipseLogger - skip non existing resourceDirectory F:\AdvanceJavaEclipse\AdvanceJavaPrograms\SampleApp\src\test\resources
2018-05-11 11:02:15,876 [Worker-28] INFO  o.e.m.c.i.embedder.EclipseLogger - Using 'UTF-8' encoding to copy filtered resources.
2018-05-11 11:02:15,877 [Worker-28] INFO  o.e.m.c.i.embedder.EclipseLogger - skip non existing resourceDirectory F:\AdvanceJavaEclipse\AdvanceJavaPrograms\SampleApp\src\main\resources
2018-05-11 11:02:15,877 [Worker-28] INFO  o.e.m.c.i.embedder.EclipseLogger - Using 'UTF-8' encoding to copy filtered resources.
2018-05-11 11:02:15,878 [Worker-28] INFO  o.e.m.c.i.embedder.EclipseLogger - skip non existing resourceDirectory F:\AdvanceJavaEclipse\AdvanceJavaPrograms\SampleApp\src\test\resources
2018-05-11 11:04:11,133 [Worker-21] INFO  o.e.m.c.i.embedder.EclipseLogger - Using 'UTF-8' encoding to copy filtered resources.
2018-05-11 11:04:11,133 [Worker-21] INFO  o.e.m.c.i.embedder.EclipseLogger - skip non existing resourceDirectory F:\AdvanceJavaEclipse\AdvanceJavaPrograms\SampleApp\src\main\resources
2018-05-11 11:04:11,136 [Worker-21] INFO  o.e.m.c.i.embedder.EclipseLogger - Using 'UTF-8' encoding to copy filtered resources.
2018-05-11 11:04:11,137 [Worker-21] INFO  o.e.m.c.i.embedder.EclipseLogger - skip non existing resourceDirectory F:\AdvanceJavaEclipse\AdvanceJavaPrograms\SampleApp\src\test\resources
2018-05-11 11:04:32,408 [Worker-21] INFO  o.e.m.c.i.embedder.EclipseLogger - Using 'UTF-8' encoding to copy filtered resources.
2018-05-11 11:04:32,408 [Worker-21] INFO  o.e.m.c.i.embedder.EclipseLogger - skip non existing resourceDirectory F:\AdvanceJavaEclipse\AdvanceJavaPrograms\SampleApp\src\main\resources
2018-05-11 11:04:32,410 [Worker-21] INFO  o.e.m.c.i.embedder.EclipseLogger - Using 'UTF-8' encoding to copy filtered resources.
2018-05-11 11:04:32,411 [Worker-21] INFO  o.e.m.c.i.embedder.EclipseLogger - skip non existing resourceDirectory F:\AdvanceJavaEclipse\AdvanceJavaPrograms\SampleApp\src\test\resources
2018-05-11 11:05:50,221 [Worker-18] INFO  o.e.m.c.i.embedder.EclipseLogger - Using 'UTF-8' encoding to copy filtered resources.
2018-05-11 11:05:50,222 [Worker-18] INFO  o.e.m.c.i.embedder.EclipseLogger - skip non existing resourceDirectory F:\AdvanceJavaEclipse\AdvanceJavaPrograms\SampleApp\src\main\resources
2018-05-11 11:05:50,224 [Worker-18] INFO  o.e.m.c.i.embedder.EclipseLogger - Using 'UTF-8' encoding to copy filtered resources.
2018-05-11 11:05:50,224 [Worker-18] INFO  o.e.m.c.i.embedder.EclipseLogger - skip non existing resourceDirectory F:\AdvanceJavaEclipse\AdvanceJavaPrograms\SampleApp\src\test\resources
2018-05-11 11:06:04,910 [Worker-27] INFO  o.e.m.c.i.embedder.EclipseLogger - Using 'UTF-8' encoding to copy filtered resources.
2018-05-11 11:06:04,911 [Worker-27] INFO  o.e.m.c.i.embedder.EclipseLogger - skip non existing resourceDirectory F:\AdvanceJavaEclipse\AdvanceJavaPrograms\SampleApp\src\main\resources
2018-05-11 11:06:04,912 [Worker-27] INFO  o.e.m.c.i.embedder.EclipseLogger - Using 'UTF-8' encoding to copy filtered resources.
2018-05-11 11:06:04,912 [Worker-27] INFO  o.e.m.c.i.embedder.EclipseLogger - skip non existing resourceDirectory F:\AdvanceJavaEclipse\AdvanceJavaPrograms\SampleApp\src\test\resources
2018-05-11 11:06:19,797 [Worker-30] INFO  o.e.m.c.i.embedder.EclipseLogger - Using 'UTF-8' encoding to copy filtered resources.
2018-05-11 11:06:19,797 [Worker-30] INFO  o.e.m.c.i.embedder.EclipseLogger - skip non existing resourceDirectory F:\AdvanceJavaEclipse\AdvanceJavaPrograms\SampleApp\src\main\resources
2018-05-11 11:06:19,799 [Worker-30] INFO  o.e.m.c.i.embedder.EclipseLogger - Using 'UTF-8' encoding to copy filtered resources.
2018-05-11 11:06:19,799 [Worker-30] INFO  o.e.m.c.i.embedder.EclipseLogger - skip non existing resourceDirectory F:\AdvanceJavaEclipse\AdvanceJavaPrograms\SampleApp\src\test\resources
2018-05-11 11:06:30,970 [Worker-28] INFO  o.e.m.c.i.embedder.EclipseLogger - Using 'UTF-8' encoding to copy filtered resources.
2018-05-11 11:06:30,971 [Worker-28] INFO  o.e.m.c.i.embedder.EclipseLogger - skip non existing resourceDirectory F:\AdvanceJavaEclipse\AdvanceJavaPrograms\SampleApp\src\main\resources
2018-05-11 11:06:30,973 [Worker-28] INFO  o.e.m.c.i.embedder.EclipseLogger - Using 'UTF-8' encoding to copy filtered resources.
2018-05-11 11:06:30,975 [Worker-28] INFO  o.e.m.c.i.embedder.EclipseLogger - skip non existing resourceDirectory F:\AdvanceJavaEclipse\AdvanceJavaPrograms\SampleApp\src\test\resources
2018-05-11 11:06:46,100 [Worker-25] INFO  o.e.m.c.i.embedder.EclipseLogger - Using 'UTF-8' encoding to copy filtered resources.
2018-05-11 11:06:46,101 [Worker-25] INFO  o.e.m.c.i.embedder.EclipseLogger - skip non existing resourceDirectory F:\AdvanceJavaEclipse\AdvanceJavaPrograms\SampleApp\src\main\resources
2018-05-11 11:06:46,102 [Worker-25] INFO  o.e.m.c.i.embedder.EclipseLogger - Using 'UTF-8' encoding to copy filtered resources.
2018-05-11 11:06:46,103 [Worker-25] INFO  o.e.m.c.i.embedder.EclipseLogger - skip non existing resourceDirectory F:\AdvanceJavaEclipse\AdvanceJavaPrograms\SampleApp\src\test\resources
